#
# There is insufficient memory for the Java Runtime Environment to continue.
# Native memory allocation (malloc) failed to allocate 1048576 bytes for AllocateHeap
# Possible reasons:
#   The system is out of physical RAM or swap space
#   In 32 bit mode, the process size limit was hit
# Possible solutions:
#   Reduce memory load on the system
#   Increase physical memory or swap space
#   Check if swap backing store is full
#   Use 64 bit Java on a 64 bit OS
#   Decrease Java heap size (-Xmx/-Xms)
#   Decrease number of Java threads
#   Decrease Java thread stack sizes (-Xss)
#   Set larger code cache with -XX:ReservedCodeCacheSize=
# This output file may be truncated or incomplete.
#
#  Out of Memory Error (memory/allocation.inline.hpp:60), pid=9208, tid=13516
#
# JRE version: 7.0_25-b17
# Java VM: Java HotSpot(TM) 64-Bit Server VM (23.25-b01 mixed mode windows-amd64 compressed oops)
# Failed to write core dump. Minidumps are not enabled by default on client versions of Windows
#

---------------  T H R E A D  ---------------

Current thread (0x0000000002198000):  JavaThread "Unknown thread" [_thread_in_vm, id=13516, stack(0x00000000024a0000,0x00000000025a0000)]

Stack: [0x00000000024a0000,0x00000000025a0000]

---------------  P R O C E S S  ---------------

Java Threads: ( => current thread )

Other Threads:

=>0x0000000002198000 (exited) JavaThread "Unknown thread" [_thread_in_vm, id=13516, stack(0x00000000024a0000,0x00000000025a0000)]

VM state:not at safepoint (normal execution)

VM Mutex/Monitor currently owned by a thread: None

Heap
 PSYoungGen      total 38080K, used 652K [0x00000007d5760000, 0x00000007d81e0000, 0x0000000800000000)
  eden space 32640K, 2% used [0x00000007d5760000,0x00000007d58033a0,0x00000007d7740000)
  from space 5440K, 0% used [0x00000007d7c90000,0x00000007d7c90000,0x00000007d81e0000)
  to   space 5440K, 0% used [0x00000007d7740000,0x00000007d7740000,0x00000007d7c90000)
 ParOldGen       total 87168K, used 0K [0x0000000780600000, 0x0000000785b20000, 0x00000007d5760000)
  object space 87168K, 0% used [0x0000000780600000,0x0000000780600000,0x0000000785b20000)
 PSPermGen       total 21248K, used 717K [0x000000077b400000, 0x000000077c8c0000, 0x0000000780600000)
  object space 21248K, 3% used [0x000000077b400000,0x000000077b4b36d8,0x000000077c8c0000)

Card table byte_map: [0x00000000055a0000,0x00000000059d0000] byte_map_base: 0x00000000019c6000

Polling page: 0x0000000000230000

Code Cache  [0x00000000025a0000, 0x0000000002810000, 0x00000000055a0000)
 total_blobs=39 nmethods=0 adapters=20 free_code_cache=48889Kb largest_free_block=50062848

Compilation events (0 events):
No events

GC Heap History (0 events):
No events

Deoptimization events (0 events):
No events

Internal exceptions (0 events):
No events

Events (10 events):
Event: 0.013 loading class 0x00000000021eb760
Event: 0.013 loading class 0x00000000021eb760 done
Event: 0.013 loading class 0x00000000021eb7c0
Event: 0.013 loading class 0x00000000021eb7c0 done
Event: 0.013 loading class 0x00000000021eb7f0
Event: 0.013 loading class 0x00000000021eb7f0 done
Event: 0.013 loading class 0x00000000021ecc40
Event: 0.013 loading class 0x00000000021ecc40 done
Event: 0.013 loading class 0x00000000021a2ba0
Event: 0.013 loading class 0x00000000021a2ba0 done


Dynamic libraries:
0x000000013ff90000 - 0x000000013ffc3000 	C:\Program Files\Java\jdk1.7.0_25\bin\java.exe
0x0000000077520000 - 0x00000000776c9000 	C:\Windows\SYSTEM32\ntdll.dll
0x0000000077300000 - 0x000000007741f000 	C:\Windows\system32\kernel32.dll
0x000007fefd540000 - 0x000007fefd5ab000 	C:\Windows\system32\KERNELBASE.dll
0x000007feff540000 - 0x000007feff61b000 	C:\Windows\system32\ADVAPI32.dll
0x000007feff160000 - 0x000007feff1ff000 	C:\Windows\system32\msvcrt.dll
0x000007fefea60000 - 0x000007fefea7f000 	C:\Windows\SYSTEM32\sechost.dll
0x000007fefd7e0000 - 0x000007fefd90d000 	C:\Windows\system32\RPCRT4.dll
0x0000000077420000 - 0x000000007751a000 	C:\Windows\system32\USER32.dll
0x000007fefeff0000 - 0x000007feff057000 	C:\Windows\system32\GDI32.dll
0x000007fefe780000 - 0x000007fefe78e000 	C:\Windows\system32\LPK.dll
0x000007fefd920000 - 0x000007fefd9e9000 	C:\Windows\system32\USP10.dll
0x000007fefbc40000 - 0x000007fefbe34000 	C:\Windows\WinSxS\amd64_microsoft.windows.common-controls_6595b64144ccf1df_6.0.7601.17514_none_fa396087175ac9ac\COMCTL32.dll
0x000007feff0e0000 - 0x000007feff151000 	C:\Windows\system32\SHLWAPI.dll
0x000007fefefc0000 - 0x000007fefefee000 	C:\Windows\system32\IMM32.DLL
0x000007feff680000 - 0x000007feff789000 	C:\Windows\system32\MSCTF.dll
0x000000005c430000 - 0x000000005c501000 	C:\Program Files\Java\jdk1.7.0_25\jre\bin\msvcr100.dll
0x000000006e930000 - 0x000000006f03f000 	C:\Program Files\Java\jdk1.7.0_25\jre\bin\server\jvm.dll
0x000007fef7d70000 - 0x000007fef7d79000 	C:\Windows\system32\WSOCK32.dll
0x000007fefef70000 - 0x000007fefefbd000 	C:\Windows\system32\WS2_32.dll
0x000007fefd910000 - 0x000007fefd918000 	C:\Windows\system32\NSI.dll
0x000007fefa880000 - 0x000007fefa8bb000 	C:\Windows\system32\WINMM.dll
0x00000000776e0000 - 0x00000000776e7000 	C:\Windows\system32\PSAPI.DLL
0x0000000068ed0000 - 0x0000000068edf000 	C:\Program Files\Java\jdk1.7.0_25\jre\bin\verify.dll
0x0000000068c20000 - 0x0000000068c48000 	C:\Program Files\Java\jdk1.7.0_25\jre\bin\java.dll
0x0000000068820000 - 0x0000000068855000 	C:\Program Files\Java\jdk1.7.0_25\jre\bin\jdwp.dll
0x0000000068960000 - 0x0000000068968000 	C:\Program Files\Java\jdk1.7.0_25\jre\bin\npt.dll
0x0000000068cb0000 - 0x0000000068cc5000 	C:\Program Files\Java\jdk1.7.0_25\jre\bin\zip.dll

VM Arguments:
jvm_args: -agentlib:jdwp=transport=dt_socket,address=127.0.0.1:49450,suspend=y,server=n -Dfile.encoding=UTF-8 
java_command: com.google.bitcoin.tools.BuildCheckpoints
Launcher Type: SUN_STANDARD

Environment Variables:
JAVA_HOME=C:\Program Files\Java\jdk1.7.0_25
PATH=C:\bin\mingw32\msys\1.0\bin;C:\bin\Perl64\site\bin;C:\bin\Perl64\bin;C:\bin\Python33\;C:\Program Files (x86)\AMD APP\bin\x86_64;C:\Program Files (x86)\AMD APP\bin\x86;C:\Program Files\Common Files\Microsoft Shared\Windows Live;C:\Program Files (x86)\Common Files\Microsoft Shared\Windows Live;C:\Program Files (x86)\NVIDIA Corporation\PhysX\Common;C:\Windows\system32;C:\Windows;C:\Windows\System32\Wbem;C:\Windows\System32\WindowsPowerShell\v1.0\;C:\Program Files\Intel\DMIX;C:\Program Files (x86)\Windows Live\Shared;C:\Program Files (x86)\WinMerge;C:\Program Files\lame64;C:\Program Files (x86)\Common Files\HP\Digital Imaging\bin;C:\Program Files (x86)\HP\Digital Imaging\bin\;C:\Program Files (x86)\ATI Technologies\ATI.ACE\Core-Static;C:\bin\MinGW32\bin;C:\Program Files\Java\jre7\bin;C:\Program Files\Apache Software Foundation\apache-maven-3.0.5\bin;D:\Development\adt-bundle-windows-x86_64-20130729\sdk\tools;D:\Development\adt-bundle-windows-x86_64-20130729\sdk\platform-tools;C:\Program Files\gradle-1.7\bin;D:\Development\adt-bundle-windows-x86_64-20130729\sdk\build-tools;C:\Program Files\SourceGear\Common\DiffMerge\;D:\deps\Qt\5.2.0\bin
USERNAME=Eric
OS=Windows_NT
PROCESSOR_IDENTIFIER=Intel64 Family 6 Model 42 Stepping 7, GenuineIntel



---------------  S Y S T E M  ---------------

OS: Windows 7 , 64 bit Build 7601 Service Pack 1

CPU:total 8 (4 cores per cpu, 2 threads per core) family 6 model 42 stepping 7, cmov, cx8, fxsr, mmx, sse, sse2, sse3, ssse3, sse4.1, sse4.2, popcnt, avx, ht, tsc, tscinvbit

Memory: 4k page, physical 8361552k(726576k free), swap 20869896k(5160k free)

vm_info: Java HotSpot(TM) 64-Bit Server VM (23.25-b01) for windows-amd64 JRE (1.7.0_25-b17), built on Jun 21 2013 12:58:32 by "java_re" with unknown MS VC++:1600

time: Mon Feb 10 21:50:36 2014
elapsed time: 0 seconds

